e:\vs_myproj\lua5_3_5\lua5_3_5\debug\lua5_3_5.pdb
e:\vs_myproj\lua5_3_5\lua5_3_5\debug\lua5_3_5.idb
e:\vs_myproj\lua5_3_5\lua5_3_5\debug\lobject.obj
e:\vs_myproj\lua5_3_5\lua5_3_5\debug\loadlib.obj
e:\vs_myproj\lua5_3_5\lua5_3_5\debug\lmem.obj
e:\vs_myproj\lua5_3_5\lua5_3_5\debug\lmathlib.obj
e:\vs_myproj\lua5_3_5\lua5_3_5\debug\llex.obj
e:\vs_myproj\lua5_3_5\lua5_3_5\debug\liolib.obj
e:\vs_myproj\lua5_3_5\lua5_3_5\debug\linit.obj
e:\vs_myproj\lua5_3_5\lua5_3_5\debug\lgc.obj
e:\vs_myproj\lua5_3_5\lua5_3_5\debug\lfunc.obj
e:\vs_myproj\lua5_3_5\lua5_3_5\debug\ldump.obj
e:\vs_myproj\lua5_3_5\lua5_3_5\debug\ldo.obj
e:\vs_myproj\lua5_3_5\lua5_3_5\debug\ldebug.obj
e:\vs_myproj\lua5_3_5\lua5_3_5\debug\ldblib.obj
e:\vs_myproj\lua5_3_5\lua5_3_5\debug\lctype.obj
e:\vs_myproj\lua5_3_5\lua5_3_5\debug\lcorolib.obj
e:\vs_myproj\lua5_3_5\lua5_3_5\debug\lcode.obj
e:\vs_myproj\lua5_3_5\lua5_3_5\debug\lbitlib.obj
e:\vs_myproj\lua5_3_5\lua5_3_5\debug\lbaselib.obj
e:\vs_myproj\lua5_3_5\lua5_3_5\debug\lauxlib.obj
e:\vs_myproj\lua5_3_5\lua5_3_5\debug\lapi.obj
e:\vs_myproj\lua5_3_5\lua5_3_5\debug\lzio.obj
e:\vs_myproj\lua5_3_5\lua5_3_5\debug\lvm.obj
e:\vs_myproj\lua5_3_5\lua5_3_5\debug\lutf8lib.obj
e:\vs_myproj\lua5_3_5\lua5_3_5\debug\lundump.obj
e:\vs_myproj\lua5_3_5\lua5_3_5\debug\lua.obj
e:\vs_myproj\lua5_3_5\lua5_3_5\debug\ltm.obj
e:\vs_myproj\lua5_3_5\lua5_3_5\debug\ltablib.obj
e:\vs_myproj\lua5_3_5\lua5_3_5\debug\ltable.obj
e:\vs_myproj\lua5_3_5\lua5_3_5\debug\lstrlib.obj
e:\vs_myproj\lua5_3_5\lua5_3_5\debug\lstring.obj
e:\vs_myproj\lua5_3_5\lua5_3_5\debug\lstate.obj
e:\vs_myproj\lua5_3_5\lua5_3_5\debug\lparser.obj
e:\vs_myproj\lua5_3_5\lua5_3_5\debug\loslib.obj
e:\vs_myproj\lua5_3_5\lua5_3_5\debug\lopcodes.obj
e:\vs_myproj\lua5_3_5\debug\lua5_3_5.lib
e:\vs_myproj\lua5_3_5\debug\lua5_3_5.pdb
e:\vs_myproj\lua5_3_5\lua5_3_5\debug\lua5_3_5.tlog\cl.command.1.tlog
e:\vs_myproj\lua5_3_5\lua5_3_5\debug\lua5_3_5.tlog\cl.read.1.tlog
e:\vs_myproj\lua5_3_5\lua5_3_5\debug\lua5_3_5.tlog\cl.write.1.tlog
e:\vs_myproj\lua5_3_5\lua5_3_5\debug\lua5_3_5.tlog\lib-link.read.1.tlog
e:\vs_myproj\lua5_3_5\lua5_3_5\debug\lua5_3_5.tlog\lib-link.write.1.tlog
e:\vs_myproj\lua5_3_5\lua5_3_5\debug\lua5_3_5.tlog\lib.command.1.tlog
