  lapi.c
e:\vs_myproj\lua5_3_5\lua5_3_5\lapi.c(398): warning C4244: “return”: 从“lua_Unsigned”转换到“size_t”，可能丢失数据
  lauxlib.c
  lbaselib.c
  lbitlib.c
  lcode.c
  lcorolib.c
  lctype.c
  ldblib.c
  ldebug.c
  ldo.c
  ldump.c
  lfunc.c
  lgc.c
  linit.c
  liolib.c
  llex.c
  lmathlib.c
  lmem.c
  loadlib.c
  lobject.c
  正在编译...
  lopcodes.c
  loslib.c
  lparser.c
  lstate.c
  lstring.c
  lstrlib.c
  ltable.c
  ltablib.c
  ltm.c
  lua.c
  lundump.c
  lutf8lib.c
  lvm.c
  lzio.c
  正在生成代码
  All 895 functions were compiled because no usable IPDB/IOBJ from previous compilation was found.
  已完成代码的生成
  LUA5_3_5.vcxproj -> E:\VS_MyProj\LUA5_3_5\Release\LUA5_3_5.exe
